<?xml version="1.0" encoding="UTF-8"?>
<testsuite xmlns:xsi="http://www.w3.org/2001/XMLSchema-instance" xsi:noNamespaceSchemaLocation="https://maven.apache.org/surefire/maven-surefire-plugin/xsd/surefire-test-report-3.0.xsd" version="3.0" name="tqs.BookSearchTest" time="0.176" tests="1" errors="0" skipped="0" failures="0">
  <properties>
    <property name="java.specification.version" value="17"/>
    <property name="sun.jnu.encoding" value="UTF-8"/>
    <property name="java.class.path" value="/home/rodrigograc4/Uni/3ano/2semestre/TQS_107634/lab5/lab5_2/target/test-classes:/home/rodrigograc4/Uni/3ano/2semestre/TQS_107634/lab5/lab5_2/target/classes:/home/rodrigograc4/.m2/repository/junit/junit/4.11/junit-4.11.jar:/home/rodrigograc4/.m2/repository/org/hamcrest/hamcrest-core/1.3/hamcrest-core-1.3.jar:/home/rodrigograc4/.m2/repository/org/slf4j/slf4j-api/2.0.12/slf4j-api-2.0.12.jar:/home/rodrigograc4/.m2/repository/ch/qos/logback/logback-classic/1.5.3/logback-classic-1.5.3.jar:/home/rodrigograc4/.m2/repository/ch/qos/logback/logback-core/1.5.3/logback-core-1.5.3.jar:/home/rodrigograc4/.m2/repository/org/junit/jupiter/junit-jupiter/5.10.2/junit-jupiter-5.10.2.jar:/home/rodrigograc4/.m2/repository/org/junit/jupiter/junit-jupiter-api/5.10.2/junit-jupiter-api-5.10.2.jar:/home/rodrigograc4/.m2/repository/org/opentest4j/opentest4j/1.3.0/opentest4j-1.3.0.jar:/home/rodrigograc4/.m2/repository/org/junit/platform/junit-platform-commons/1.10.2/junit-platform-commons-1.10.2.jar:/home/rodrigograc4/.m2/repository/org/junit/jupiter/junit-jupiter-params/5.10.2/junit-jupiter-params-5.10.2.jar:/home/rodrigograc4/.m2/repository/org/junit/jupiter/junit-jupiter-engine/5.10.2/junit-jupiter-engine-5.10.2.jar:/home/rodrigograc4/.m2/repository/org/junit/platform/junit-platform-suite/1.10.1/junit-platform-suite-1.10.1.jar:/home/rodrigograc4/.m2/repository/org/junit/platform/junit-platform-suite-api/1.10.1/junit-platform-suite-api-1.10.1.jar:/home/rodrigograc4/.m2/repository/org/junit/platform/junit-platform-suite-engine/1.10.1/junit-platform-suite-engine-1.10.1.jar:/home/rodrigograc4/.m2/repository/org/junit/platform/junit-platform-suite-commons/1.10.1/junit-platform-suite-commons-1.10.1.jar:/home/rodrigograc4/.m2/repository/org/junit/platform/junit-platform-launcher/1.10.1/junit-platform-launcher-1.10.1.jar:/home/rodrigograc4/.m2/repository/io/cucumber/cucumber-java/7.15.0/cucumber-java-7.15.0.jar:/home/rodrigograc4/.m2/repository/io/cucumber/cucumber-core/7.15.0/cucumber-core-7.15.0.jar:/home/rodrigograc4/.m2/repository/io/cucumber/cucumber-gherkin/7.15.0/cucumber-gherkin-7.15.0.jar:/home/rodrigograc4/.m2/repository/io/cucumber/cucumber-gherkin-messages/7.15.0/cucumber-gherkin-messages-7.15.0.jar:/home/rodrigograc4/.m2/repository/io/cucumber/gherkin/26.2.0/gherkin-26.2.0.jar:/home/rodrigograc4/.m2/repository/io/cucumber/messages/22.0.0/messages-22.0.0.jar:/home/rodrigograc4/.m2/repository/io/cucumber/tag-expressions/6.0.0/tag-expressions-6.0.0.jar:/home/rodrigograc4/.m2/repository/io/cucumber/cucumber-expressions/17.0.1/cucumber-expressions-17.0.1.jar:/home/rodrigograc4/.m2/repository/io/cucumber/datatable/7.15.0/datatable-7.15.0.jar:/home/rodrigograc4/.m2/repository/io/cucumber/cucumber-plugin/7.15.0/cucumber-plugin-7.15.0.jar:/home/rodrigograc4/.m2/repository/io/cucumber/docstring/7.15.0/docstring-7.15.0.jar:/home/rodrigograc4/.m2/repository/io/cucumber/html-formatter/20.4.0/html-formatter-20.4.0.jar:/home/rodrigograc4/.m2/repository/io/cucumber/junit-xml-formatter/0.2.0/junit-xml-formatter-0.2.0.jar:/home/rodrigograc4/.m2/repository/io/cucumber/ci-environment/10.0.0/ci-environment-10.0.0.jar:/home/rodrigograc4/.m2/repository/org/apiguardian/apiguardian-api/1.1.2/apiguardian-api-1.1.2.jar:/home/rodrigograc4/.m2/repository/io/cucumber/cucumber-junit-platform-engine/7.15.0/cucumber-junit-platform-engine-7.15.0.jar:/home/rodrigograc4/.m2/repository/org/junit/platform/junit-platform-engine/1.10.1/junit-platform-engine-1.10.1.jar:"/>
    <property name="java.vm.vendor" value="Private Build"/>
    <property name="sun.arch.data.model" value="64"/>
    <property name="java.vendor.url" value="Unknown"/>
    <property name="user.timezone" value="Europe/Lisbon"/>
    <property name="user.country.format" value="PT"/>
    <property name="os.name" value="Linux"/>
    <property name="java.vm.specification.version" value="17"/>
    <property name="sun.java.launcher" value="SUN_STANDARD"/>
    <property name="user.country" value="US"/>
    <property name="sun.boot.library.path" value="/usr/lib/jvm/java-17-openjdk-amd64/lib"/>
    <property name="sun.java.command" value="/home/rodrigograc4/Uni/3ano/2semestre/TQS_107634/lab5/lab5_2/target/surefire/surefirebooter-20240328194128563_3.jar /home/rodrigograc4/Uni/3ano/2semestre/TQS_107634/lab5/lab5_2/target/surefire 2024-03-28T19-41-28_483-jvmRun1 surefire-20240328194128563_1tmp surefire_0-20240328194128563_2tmp"/>
    <property name="jdk.debug" value="release"/>
    <property name="surefire.test.class.path" value="/home/rodrigograc4/Uni/3ano/2semestre/TQS_107634/lab5/lab5_2/target/test-classes:/home/rodrigograc4/Uni/3ano/2semestre/TQS_107634/lab5/lab5_2/target/classes:/home/rodrigograc4/.m2/repository/junit/junit/4.11/junit-4.11.jar:/home/rodrigograc4/.m2/repository/org/hamcrest/hamcrest-core/1.3/hamcrest-core-1.3.jar:/home/rodrigograc4/.m2/repository/org/slf4j/slf4j-api/2.0.12/slf4j-api-2.0.12.jar:/home/rodrigograc4/.m2/repository/ch/qos/logback/logback-classic/1.5.3/logback-classic-1.5.3.jar:/home/rodrigograc4/.m2/repository/ch/qos/logback/logback-core/1.5.3/logback-core-1.5.3.jar:/home/rodrigograc4/.m2/repository/org/junit/jupiter/junit-jupiter/5.10.2/junit-jupiter-5.10.2.jar:/home/rodrigograc4/.m2/repository/org/junit/jupiter/junit-jupiter-api/5.10.2/junit-jupiter-api-5.10.2.jar:/home/rodrigograc4/.m2/repository/org/opentest4j/opentest4j/1.3.0/opentest4j-1.3.0.jar:/home/rodrigograc4/.m2/repository/org/junit/platform/junit-platform-commons/1.10.2/junit-platform-commons-1.10.2.jar:/home/rodrigograc4/.m2/repository/org/junit/jupiter/junit-jupiter-params/5.10.2/junit-jupiter-params-5.10.2.jar:/home/rodrigograc4/.m2/repository/org/junit/jupiter/junit-jupiter-engine/5.10.2/junit-jupiter-engine-5.10.2.jar:/home/rodrigograc4/.m2/repository/org/junit/platform/junit-platform-suite/1.10.1/junit-platform-suite-1.10.1.jar:/home/rodrigograc4/.m2/repository/org/junit/platform/junit-platform-suite-api/1.10.1/junit-platform-suite-api-1.10.1.jar:/home/rodrigograc4/.m2/repository/org/junit/platform/junit-platform-suite-engine/1.10.1/junit-platform-suite-engine-1.10.1.jar:/home/rodrigograc4/.m2/repository/org/junit/platform/junit-platform-suite-commons/1.10.1/junit-platform-suite-commons-1.10.1.jar:/home/rodrigograc4/.m2/repository/org/junit/platform/junit-platform-launcher/1.10.1/junit-platform-launcher-1.10.1.jar:/home/rodrigograc4/.m2/repository/io/cucumber/cucumber-java/7.15.0/cucumber-java-7.15.0.jar:/home/rodrigograc4/.m2/repository/io/cucumber/cucumber-core/7.15.0/cucumber-core-7.15.0.jar:/home/rodrigograc4/.m2/repository/io/cucumber/cucumber-gherkin/7.15.0/cucumber-gherkin-7.15.0.jar:/home/rodrigograc4/.m2/repository/io/cucumber/cucumber-gherkin-messages/7.15.0/cucumber-gherkin-messages-7.15.0.jar:/home/rodrigograc4/.m2/repository/io/cucumber/gherkin/26.2.0/gherkin-26.2.0.jar:/home/rodrigograc4/.m2/repository/io/cucumber/messages/22.0.0/messages-22.0.0.jar:/home/rodrigograc4/.m2/repository/io/cucumber/tag-expressions/6.0.0/tag-expressions-6.0.0.jar:/home/rodrigograc4/.m2/repository/io/cucumber/cucumber-expressions/17.0.1/cucumber-expressions-17.0.1.jar:/home/rodrigograc4/.m2/repository/io/cucumber/datatable/7.15.0/datatable-7.15.0.jar:/home/rodrigograc4/.m2/repository/io/cucumber/cucumber-plugin/7.15.0/cucumber-plugin-7.15.0.jar:/home/rodrigograc4/.m2/repository/io/cucumber/docstring/7.15.0/docstring-7.15.0.jar:/home/rodrigograc4/.m2/repository/io/cucumber/html-formatter/20.4.0/html-formatter-20.4.0.jar:/home/rodrigograc4/.m2/repository/io/cucumber/junit-xml-formatter/0.2.0/junit-xml-formatter-0.2.0.jar:/home/rodrigograc4/.m2/repository/io/cucumber/ci-environment/10.0.0/ci-environment-10.0.0.jar:/home/rodrigograc4/.m2/repository/org/apiguardian/apiguardian-api/1.1.2/apiguardian-api-1.1.2.jar:/home/rodrigograc4/.m2/repository/io/cucumber/cucumber-junit-platform-engine/7.15.0/cucumber-junit-platform-engine-7.15.0.jar:/home/rodrigograc4/.m2/repository/org/junit/platform/junit-platform-engine/1.10.1/junit-platform-engine-1.10.1.jar:"/>
    <property name="sun.cpu.endian" value="little"/>
    <property name="user.home" value="/home/rodrigograc4"/>
    <property name="user.language" value="en"/>
    <property name="java.specification.vendor" value="Oracle Corporation"/>
    <property name="java.version.date" value="2024-01-16"/>
    <property name="java.home" value="/usr/lib/jvm/java-17-openjdk-amd64"/>
    <property name="file.separator" value="/"/>
    <property name="basedir" value="/home/rodrigograc4/Uni/3ano/2semestre/TQS_107634/lab5/lab5_2"/>
    <property name="java.vm.compressedOopsMode" value="Zero based"/>
    <property name="line.separator" value="&#10;"/>
    <property name="java.specification.name" value="Java Platform API Specification"/>
    <property name="java.vm.specification.vendor" value="Oracle Corporation"/>
    <property name="surefire.real.class.path" value="/home/rodrigograc4/Uni/3ano/2semestre/TQS_107634/lab5/lab5_2/target/surefire/surefirebooter-20240328194128563_3.jar"/>
    <property name="sun.management.compiler" value="HotSpot 64-Bit Tiered Compilers"/>
    <property name="java.runtime.version" value="17.0.10+7-Ubuntu-123.10.1"/>
    <property name="user.name" value="rodrigograc4"/>
    <property name="path.separator" value=":"/>
    <property name="os.version" value="6.5.0-25-generic"/>
    <property name="java.runtime.name" value="OpenJDK Runtime Environment"/>
    <property name="file.encoding" value="UTF-8"/>
    <property name="java.vm.name" value="OpenJDK 64-Bit Server VM"/>
    <property name="localRepository" value="/home/rodrigograc4/.m2/repository"/>
    <property name="java.vendor.url.bug" value="Unknown"/>
    <property name="java.io.tmpdir" value="/tmp"/>
    <property name="java.version" value="17.0.10"/>
    <property name="user.dir" value="/home/rodrigograc4/Uni/3ano/2semestre/TQS_107634/lab5/lab5_2"/>
    <property name="os.arch" value="amd64"/>
    <property name="java.vm.specification.name" value="Java Virtual Machine Specification"/>
    <property name="user.language.format" value="pt"/>
    <property name="native.encoding" value="UTF-8"/>
    <property name="java.library.path" value="/usr/java/packages/lib:/usr/lib/x86_64-linux-gnu/jni:/lib/x86_64-linux-gnu:/usr/lib/x86_64-linux-gnu:/usr/lib/jni:/lib:/usr/lib"/>
    <property name="java.vm.info" value="mixed mode, sharing"/>
    <property name="java.vendor" value="Private Build"/>
    <property name="java.vm.version" value="17.0.10+7-Ubuntu-123.10.1"/>
    <property name="sun.io.unicode.encoding" value="UnicodeLittle"/>
    <property name="java.class.version" value="61.0"/>
  </properties>
  <testcase name="Search books by publication year" classname="Book search" time="0.091">
    <system-out><![CDATA[
Scenario: Search books by publication year                                                                    &amp#27;[90m# tqs/search_book.feature:4&amp#27;[0m
  &amp#27;[32mGiven &amp#27;[0m&amp#27;[32ma book with the title &amp#27;[0m&amp#27;[32m&amp#27;[1m'One good book'&amp#27;[0m&amp#27;[32m, written by &amp#27;[0m&amp#27;[32m&amp#27;[1m'Anonymous'&amp#27;[0m&amp#27;[32m, published in &amp#27;[0m&amp#27;[32m&amp#27;[1m2013-03-14&amp#27;[0m                &amp#27;[90m# tqs.BookSearchSteps.addNewBook(java.lang.String,java.lang.String,java.time.LocalDateTime)&amp#27;[0m
  &amp#27;[32mAnd &amp#27;[0m&amp#27;[32manother book with the title &amp#27;[0m&amp#27;[32m&amp#27;[1m'Some other book'&amp#27;[0m&amp#27;[32m, written by &amp#27;[0m&amp#27;[32m&amp#27;[1m'Tim Tomson'&amp#27;[0m&amp#27;[32m, published in &amp#27;[0m&amp#27;[32m&amp#27;[1m2014-08-23&amp#27;[0m         &amp#27;[90m# tqs.BookSearchSteps.addAnotherBook(java.lang.String,java.lang.String,java.time.LocalDateTime)&amp#27;[0m
  &amp#27;[32mAnd &amp#27;[0m&amp#27;[32manother book with the title &amp#27;[0m&amp#27;[32m&amp#27;[1m'How to cook a dino'&amp#27;[0m&amp#27;[32m, written by &amp#27;[0m&amp#27;[32m&amp#27;[1m'Fred Flintstone'&amp#27;[0m&amp#27;[32m, published in &amp#27;[0m&amp#27;[32m&amp#27;[1m2012-01-01&amp#27;[0m &amp#27;[90m# tqs.BookSearchSteps.addAnotherBook(java.lang.String,java.lang.String,java.time.LocalDateTime)&amp#27;[0m
  &amp#27;[32mWhen &amp#27;[0m&amp#27;[32mthe customer searches for books published between &amp#27;[0m&amp#27;[32m&amp#27;[1m2013-01-01&amp#27;[0m&amp#27;[32m and &amp#27;[0m&amp#27;[32m&amp#27;[1m2014-12-31&amp#27;[0m                            &amp#27;[90m# tqs.BookSearchSteps.setSearchParameters(java.time.LocalDateTime,java.time.LocalDateTime)&amp#27;[0m
  &amp#27;[32mThen &amp#27;[0m&amp#27;[32m&amp#27;[0m&amp#27;[32m&amp#27;[1m2&amp#27;[0m&amp#27;[32m books should have been found&amp#27;[0m                                                                         &amp#27;[90m# tqs.BookSearchSteps.verifyAmountOfBooksFound(int)&amp#27;[0m
  &amp#27;[32mAnd &amp#27;[0m&amp#27;[32mBook &amp#27;[0m&amp#27;[32m&amp#27;[1m1&amp#27;[0m&amp#27;[32m should have the title &amp#27;[0m&amp#27;[32m&amp#27;[1m'Some other book'&amp#27;[0m                                                          &amp#27;[90m# tqs.BookSearchSteps.verifyBookAtPosition(int,java.lang.String)&amp#27;[0m
  &amp#27;[32mAnd &amp#27;[0m&amp#27;[32mBook &amp#27;[0m&amp#27;[32m&amp#27;[1m2&amp#27;[0m&amp#27;[32m should have the title &amp#27;[0m&amp#27;[32m&amp#27;[1m'One good book'&amp#27;[0m                                                            &amp#27;[90m# tqs.BookSearchSteps.verifyBookAtPosition(int,java.lang.String)&amp#27;[0m
]]></system-out>
  </testcase>
</testsuite>