<?xml version="1.0" encoding="UTF-8"?>
<testsuite xmlns:xsi="http://www.w3.org/2001/XMLSchema-instance" xsi:noNamespaceSchemaLocation="https://maven.apache.org/surefire/maven-surefire-plugin/xsd/surefire-test-report-3.0.xsd" version="3.0" name="tqs.TestRunner" time="1.518" tests="1" errors="1" skipped="0" failures="0">
  <properties>
    <property name="java.specification.version" value="17"/>
    <property name="webdriver.chrome.driver" value="/home/rodrigograc4/.cache/selenium/chromedriver/linux64/114.0.5735.90/chromedriver"/>
    <property name="sun.jnu.encoding" value="UTF-8"/>
    <property name="java.class.path" value="/home/rodrigograc4/Uni/3ano/2semestre/TQS_107634/lab5/lab5_3/target/test-classes:/home/rodrigograc4/Uni/3ano/2semestre/TQS_107634/lab5/lab5_3/target/classes:/home/rodrigograc4/.m2/repository/junit/junit/4.11/junit-4.11.jar:/home/rodrigograc4/.m2/repository/org/hamcrest/hamcrest-core/1.3/hamcrest-core-1.3.jar:/home/rodrigograc4/.m2/repository/org/slf4j/slf4j-api/2.0.12/slf4j-api-2.0.12.jar:/home/rodrigograc4/.m2/repository/ch/qos/logback/logback-classic/1.5.3/logback-classic-1.5.3.jar:/home/rodrigograc4/.m2/repository/ch/qos/logback/logback-core/1.5.3/logback-core-1.5.3.jar:/home/rodrigograc4/.m2/repository/org/junit/jupiter/junit-jupiter/5.10.2/junit-jupiter-5.10.2.jar:/home/rodrigograc4/.m2/repository/org/junit/jupiter/junit-jupiter-api/5.10.2/junit-jupiter-api-5.10.2.jar:/home/rodrigograc4/.m2/repository/org/opentest4j/opentest4j/1.3.0/opentest4j-1.3.0.jar:/home/rodrigograc4/.m2/repository/org/junit/platform/junit-platform-commons/1.10.2/junit-platform-commons-1.10.2.jar:/home/rodrigograc4/.m2/repository/org/junit/jupiter/junit-jupiter-params/5.10.2/junit-jupiter-params-5.10.2.jar:/home/rodrigograc4/.m2/repository/org/junit/jupiter/junit-jupiter-engine/5.10.2/junit-jupiter-engine-5.10.2.jar:/home/rodrigograc4/.m2/repository/org/junit/platform/junit-platform-suite/1.10.1/junit-platform-suite-1.10.1.jar:/home/rodrigograc4/.m2/repository/org/junit/platform/junit-platform-suite-api/1.10.1/junit-platform-suite-api-1.10.1.jar:/home/rodrigograc4/.m2/repository/org/junit/platform/junit-platform-suite-engine/1.10.1/junit-platform-suite-engine-1.10.1.jar:/home/rodrigograc4/.m2/repository/org/junit/platform/junit-platform-suite-commons/1.10.1/junit-platform-suite-commons-1.10.1.jar:/home/rodrigograc4/.m2/repository/org/junit/platform/junit-platform-launcher/1.10.1/junit-platform-launcher-1.10.1.jar:/home/rodrigograc4/.m2/repository/io/cucumber/cucumber-java/7.15.0/cucumber-java-7.15.0.jar:/home/rodrigograc4/.m2/repository/io/cucumber/cucumber-core/7.15.0/cucumber-core-7.15.0.jar:/home/rodrigograc4/.m2/repository/io/cucumber/cucumber-gherkin/7.15.0/cucumber-gherkin-7.15.0.jar:/home/rodrigograc4/.m2/repository/io/cucumber/cucumber-gherkin-messages/7.15.0/cucumber-gherkin-messages-7.15.0.jar:/home/rodrigograc4/.m2/repository/io/cucumber/gherkin/26.2.0/gherkin-26.2.0.jar:/home/rodrigograc4/.m2/repository/io/cucumber/messages/22.0.0/messages-22.0.0.jar:/home/rodrigograc4/.m2/repository/io/cucumber/tag-expressions/6.0.0/tag-expressions-6.0.0.jar:/home/rodrigograc4/.m2/repository/io/cucumber/cucumber-expressions/17.0.1/cucumber-expressions-17.0.1.jar:/home/rodrigograc4/.m2/repository/io/cucumber/datatable/7.15.0/datatable-7.15.0.jar:/home/rodrigograc4/.m2/repository/io/cucumber/cucumber-plugin/7.15.0/cucumber-plugin-7.15.0.jar:/home/rodrigograc4/.m2/repository/io/cucumber/docstring/7.15.0/docstring-7.15.0.jar:/home/rodrigograc4/.m2/repository/io/cucumber/html-formatter/20.4.0/html-formatter-20.4.0.jar:/home/rodrigograc4/.m2/repository/io/cucumber/junit-xml-formatter/0.2.0/junit-xml-formatter-0.2.0.jar:/home/rodrigograc4/.m2/repository/io/cucumber/ci-environment/10.0.0/ci-environment-10.0.0.jar:/home/rodrigograc4/.m2/repository/org/apiguardian/apiguardian-api/1.1.2/apiguardian-api-1.1.2.jar:/home/rodrigograc4/.m2/repository/io/cucumber/cucumber-junit-platform-engine/7.15.0/cucumber-junit-platform-engine-7.15.0.jar:/home/rodrigograc4/.m2/repository/org/junit/platform/junit-platform-engine/1.10.1/junit-platform-engine-1.10.1.jar:/home/rodrigograc4/.m2/repository/io/github/bonigarcia/selenium-jupiter/4.3.3/selenium-jupiter-4.3.3.jar:/home/rodrigograc4/.m2/repository/org/assertj/assertj-core/3.24.2/assertj-core-3.24.2.jar:/home/rodrigograc4/.m2/repository/net/bytebuddy/byte-buddy/1.12.21/byte-buddy-1.12.21.jar:/home/rodrigograc4/.m2/repository/org/hamcrest/hamcrest-all/1.3/hamcrest-all-1.3.jar:/home/rodrigograc4/.m2/repository/io/github/bonigarcia/webdrivermanager/5.3.3/webdrivermanager-5.3.3.jar:/home/rodrigograc4/.m2/repository/com/google/code/gson/gson/2.10.1/gson-2.10.1.jar:/home/rodrigograc4/.m2/repository/com/github/docker-java/docker-java/3.3.0/docker-java-3.3.0.jar:/home/rodrigograc4/.m2/repository/com/github/docker-java/docker-java-core/3.3.0/docker-java-core-3.3.0.jar:/home/rodrigograc4/.m2/repository/com/github/docker-java/docker-java-api/3.3.0/docker-java-api-3.3.0.jar:/home/rodrigograc4/.m2/repository/com/fasterxml/jackson/core/jackson-annotations/2.10.3/jackson-annotations-2.10.3.jar:/home/rodrigograc4/.m2/repository/commons-io/commons-io/2.6/commons-io-2.6.jar:/home/rodrigograc4/.m2/repository/org/apache/commons/commons-compress/1.21/commons-compress-1.21.jar:/home/rodrigograc4/.m2/repository/com/fasterxml/jackson/core/jackson-databind/2.10.3/jackson-databind-2.10.3.jar:/home/rodrigograc4/.m2/repository/com/fasterxml/jackson/core/jackson-core/2.10.3/jackson-core-2.10.3.jar:/home/rodrigograc4/.m2/repository/org/bouncycastle/bcpkix-jdk15on/1.64/bcpkix-jdk15on-1.64.jar:/home/rodrigograc4/.m2/repository/org/bouncycastle/bcprov-jdk15on/1.64/bcprov-jdk15on-1.64.jar:/home/rodrigograc4/.m2/repository/org/slf4j/jcl-over-slf4j/1.7.30/jcl-over-slf4j-1.7.30.jar:/home/rodrigograc4/.m2/repository/com/github/docker-java/docker-java-transport-httpclient5/3.3.0/docker-java-transport-httpclient5-3.3.0.jar:/home/rodrigograc4/.m2/repository/com/github/docker-java/docker-java-transport/3.3.0/docker-java-transport-3.3.0.jar:/home/rodrigograc4/.m2/repository/net/java/dev/jna/jna/5.12.1/jna-5.12.1.jar:/home/rodrigograc4/.m2/repository/org/brotli/dec/0.1.2/dec-0.1.2.jar:/home/rodrigograc4/.m2/repository/org/apache/commons/commons-lang3/3.12.0/commons-lang3-3.12.0.jar:/home/rodrigograc4/.m2/repository/org/apache/httpcomponents/client5/httpclient5/5.2.1/httpclient5-5.2.1.jar:/home/rodrigograc4/.m2/repository/org/apache/httpcomponents/core5/httpcore5/5.2/httpcore5-5.2.jar:/home/rodrigograc4/.m2/repository/org/apache/httpcomponents/core5/httpcore5-h2/5.2/httpcore5-h2-5.2.jar:/home/rodrigograc4/.m2/repository/org/seleniumhq/selenium/selenium-java/3.141.59/selenium-java-3.141.59.jar:/home/rodrigograc4/.m2/repository/org/seleniumhq/selenium/selenium-api/3.141.59/selenium-api-3.141.59.jar:/home/rodrigograc4/.m2/repository/org/seleniumhq/selenium/selenium-chrome-driver/3.141.59/selenium-chrome-driver-3.141.59.jar:/home/rodrigograc4/.m2/repository/org/seleniumhq/selenium/selenium-edge-driver/3.141.59/selenium-edge-driver-3.141.59.jar:/home/rodrigograc4/.m2/repository/org/seleniumhq/selenium/selenium-firefox-driver/3.141.59/selenium-firefox-driver-3.141.59.jar:/home/rodrigograc4/.m2/repository/org/seleniumhq/selenium/selenium-ie-driver/3.141.59/selenium-ie-driver-3.141.59.jar:/home/rodrigograc4/.m2/repository/org/seleniumhq/selenium/selenium-opera-driver/3.141.59/selenium-opera-driver-3.141.59.jar:/home/rodrigograc4/.m2/repository/org/seleniumhq/selenium/selenium-remote-driver/3.141.59/selenium-remote-driver-3.141.59.jar:/home/rodrigograc4/.m2/repository/org/seleniumhq/selenium/selenium-safari-driver/3.141.59/selenium-safari-driver-3.141.59.jar:/home/rodrigograc4/.m2/repository/org/seleniumhq/selenium/selenium-support/3.141.59/selenium-support-3.141.59.jar:/home/rodrigograc4/.m2/repository/org/apache/commons/commons-exec/1.3/commons-exec-1.3.jar:/home/rodrigograc4/.m2/repository/com/google/guava/guava/25.0-jre/guava-25.0-jre.jar:/home/rodrigograc4/.m2/repository/com/google/code/findbugs/jsr305/1.3.9/jsr305-1.3.9.jar:/home/rodrigograc4/.m2/repository/org/checkerframework/checker-compat-qual/2.0.0/checker-compat-qual-2.0.0.jar:/home/rodrigograc4/.m2/repository/com/google/errorprone/error_prone_annotations/2.1.3/error_prone_annotations-2.1.3.jar:/home/rodrigograc4/.m2/repository/com/google/j2objc/j2objc-annotations/1.1/j2objc-annotations-1.1.jar:/home/rodrigograc4/.m2/repository/org/codehaus/mojo/animal-sniffer-annotations/1.14/animal-sniffer-annotations-1.14.jar:/home/rodrigograc4/.m2/repository/com/squareup/okhttp3/okhttp/3.11.0/okhttp-3.11.0.jar:/home/rodrigograc4/.m2/repository/com/squareup/okio/okio/1.14.0/okio-1.14.0.jar:"/>
    <property name="java.vm.vendor" value="Private Build"/>
    <property name="sun.arch.data.model" value="64"/>
    <property name="java.vendor.url" value="Unknown"/>
    <property name="user.timezone" value="Europe/Lisbon"/>
    <property name="user.country.format" value="PT"/>
    <property name="os.name" value="Linux"/>
    <property name="java.vm.specification.version" value="17"/>
    <property name="sun.java.launcher" value="SUN_STANDARD"/>
    <property name="user.country" value="US"/>
    <property name="sun.boot.library.path" value="/usr/lib/jvm/java-17-openjdk-amd64/lib"/>
    <property name="sun.java.command" value="/home/rodrigograc4/Uni/3ano/2semestre/TQS_107634/lab5/lab5_3/target/surefire/surefirebooter-20240328195250591_3.jar /home/rodrigograc4/Uni/3ano/2semestre/TQS_107634/lab5/lab5_3/target/surefire 2024-03-28T19-52-50_496-jvmRun1 surefire-20240328195250591_1tmp surefire_0-20240328195250591_2tmp"/>
    <property name="jdk.debug" value="release"/>
    <property name="surefire.test.class.path" value="/home/rodrigograc4/Uni/3ano/2semestre/TQS_107634/lab5/lab5_3/target/test-classes:/home/rodrigograc4/Uni/3ano/2semestre/TQS_107634/lab5/lab5_3/target/classes:/home/rodrigograc4/.m2/repository/junit/junit/4.11/junit-4.11.jar:/home/rodrigograc4/.m2/repository/org/hamcrest/hamcrest-core/1.3/hamcrest-core-1.3.jar:/home/rodrigograc4/.m2/repository/org/slf4j/slf4j-api/2.0.12/slf4j-api-2.0.12.jar:/home/rodrigograc4/.m2/repository/ch/qos/logback/logback-classic/1.5.3/logback-classic-1.5.3.jar:/home/rodrigograc4/.m2/repository/ch/qos/logback/logback-core/1.5.3/logback-core-1.5.3.jar:/home/rodrigograc4/.m2/repository/org/junit/jupiter/junit-jupiter/5.10.2/junit-jupiter-5.10.2.jar:/home/rodrigograc4/.m2/repository/org/junit/jupiter/junit-jupiter-api/5.10.2/junit-jupiter-api-5.10.2.jar:/home/rodrigograc4/.m2/repository/org/opentest4j/opentest4j/1.3.0/opentest4j-1.3.0.jar:/home/rodrigograc4/.m2/repository/org/junit/platform/junit-platform-commons/1.10.2/junit-platform-commons-1.10.2.jar:/home/rodrigograc4/.m2/repository/org/junit/jupiter/junit-jupiter-params/5.10.2/junit-jupiter-params-5.10.2.jar:/home/rodrigograc4/.m2/repository/org/junit/jupiter/junit-jupiter-engine/5.10.2/junit-jupiter-engine-5.10.2.jar:/home/rodrigograc4/.m2/repository/org/junit/platform/junit-platform-suite/1.10.1/junit-platform-suite-1.10.1.jar:/home/rodrigograc4/.m2/repository/org/junit/platform/junit-platform-suite-api/1.10.1/junit-platform-suite-api-1.10.1.jar:/home/rodrigograc4/.m2/repository/org/junit/platform/junit-platform-suite-engine/1.10.1/junit-platform-suite-engine-1.10.1.jar:/home/rodrigograc4/.m2/repository/org/junit/platform/junit-platform-suite-commons/1.10.1/junit-platform-suite-commons-1.10.1.jar:/home/rodrigograc4/.m2/repository/org/junit/platform/junit-platform-launcher/1.10.1/junit-platform-launcher-1.10.1.jar:/home/rodrigograc4/.m2/repository/io/cucumber/cucumber-java/7.15.0/cucumber-java-7.15.0.jar:/home/rodrigograc4/.m2/repository/io/cucumber/cucumber-core/7.15.0/cucumber-core-7.15.0.jar:/home/rodrigograc4/.m2/repository/io/cucumber/cucumber-gherkin/7.15.0/cucumber-gherkin-7.15.0.jar:/home/rodrigograc4/.m2/repository/io/cucumber/cucumber-gherkin-messages/7.15.0/cucumber-gherkin-messages-7.15.0.jar:/home/rodrigograc4/.m2/repository/io/cucumber/gherkin/26.2.0/gherkin-26.2.0.jar:/home/rodrigograc4/.m2/repository/io/cucumber/messages/22.0.0/messages-22.0.0.jar:/home/rodrigograc4/.m2/repository/io/cucumber/tag-expressions/6.0.0/tag-expressions-6.0.0.jar:/home/rodrigograc4/.m2/repository/io/cucumber/cucumber-expressions/17.0.1/cucumber-expressions-17.0.1.jar:/home/rodrigograc4/.m2/repository/io/cucumber/datatable/7.15.0/datatable-7.15.0.jar:/home/rodrigograc4/.m2/repository/io/cucumber/cucumber-plugin/7.15.0/cucumber-plugin-7.15.0.jar:/home/rodrigograc4/.m2/repository/io/cucumber/docstring/7.15.0/docstring-7.15.0.jar:/home/rodrigograc4/.m2/repository/io/cucumber/html-formatter/20.4.0/html-formatter-20.4.0.jar:/home/rodrigograc4/.m2/repository/io/cucumber/junit-xml-formatter/0.2.0/junit-xml-formatter-0.2.0.jar:/home/rodrigograc4/.m2/repository/io/cucumber/ci-environment/10.0.0/ci-environment-10.0.0.jar:/home/rodrigograc4/.m2/repository/org/apiguardian/apiguardian-api/1.1.2/apiguardian-api-1.1.2.jar:/home/rodrigograc4/.m2/repository/io/cucumber/cucumber-junit-platform-engine/7.15.0/cucumber-junit-platform-engine-7.15.0.jar:/home/rodrigograc4/.m2/repository/org/junit/platform/junit-platform-engine/1.10.1/junit-platform-engine-1.10.1.jar:/home/rodrigograc4/.m2/repository/io/github/bonigarcia/selenium-jupiter/4.3.3/selenium-jupiter-4.3.3.jar:/home/rodrigograc4/.m2/repository/org/assertj/assertj-core/3.24.2/assertj-core-3.24.2.jar:/home/rodrigograc4/.m2/repository/net/bytebuddy/byte-buddy/1.12.21/byte-buddy-1.12.21.jar:/home/rodrigograc4/.m2/repository/org/hamcrest/hamcrest-all/1.3/hamcrest-all-1.3.jar:/home/rodrigograc4/.m2/repository/io/github/bonigarcia/webdrivermanager/5.3.3/webdrivermanager-5.3.3.jar:/home/rodrigograc4/.m2/repository/com/google/code/gson/gson/2.10.1/gson-2.10.1.jar:/home/rodrigograc4/.m2/repository/com/github/docker-java/docker-java/3.3.0/docker-java-3.3.0.jar:/home/rodrigograc4/.m2/repository/com/github/docker-java/docker-java-core/3.3.0/docker-java-core-3.3.0.jar:/home/rodrigograc4/.m2/repository/com/github/docker-java/docker-java-api/3.3.0/docker-java-api-3.3.0.jar:/home/rodrigograc4/.m2/repository/com/fasterxml/jackson/core/jackson-annotations/2.10.3/jackson-annotations-2.10.3.jar:/home/rodrigograc4/.m2/repository/commons-io/commons-io/2.6/commons-io-2.6.jar:/home/rodrigograc4/.m2/repository/org/apache/commons/commons-compress/1.21/commons-compress-1.21.jar:/home/rodrigograc4/.m2/repository/com/fasterxml/jackson/core/jackson-databind/2.10.3/jackson-databind-2.10.3.jar:/home/rodrigograc4/.m2/repository/com/fasterxml/jackson/core/jackson-core/2.10.3/jackson-core-2.10.3.jar:/home/rodrigograc4/.m2/repository/org/bouncycastle/bcpkix-jdk15on/1.64/bcpkix-jdk15on-1.64.jar:/home/rodrigograc4/.m2/repository/org/bouncycastle/bcprov-jdk15on/1.64/bcprov-jdk15on-1.64.jar:/home/rodrigograc4/.m2/repository/org/slf4j/jcl-over-slf4j/1.7.30/jcl-over-slf4j-1.7.30.jar:/home/rodrigograc4/.m2/repository/com/github/docker-java/docker-java-transport-httpclient5/3.3.0/docker-java-transport-httpclient5-3.3.0.jar:/home/rodrigograc4/.m2/repository/com/github/docker-java/docker-java-transport/3.3.0/docker-java-transport-3.3.0.jar:/home/rodrigograc4/.m2/repository/net/java/dev/jna/jna/5.12.1/jna-5.12.1.jar:/home/rodrigograc4/.m2/repository/org/brotli/dec/0.1.2/dec-0.1.2.jar:/home/rodrigograc4/.m2/repository/org/apache/commons/commons-lang3/3.12.0/commons-lang3-3.12.0.jar:/home/rodrigograc4/.m2/repository/org/apache/httpcomponents/client5/httpclient5/5.2.1/httpclient5-5.2.1.jar:/home/rodrigograc4/.m2/repository/org/apache/httpcomponents/core5/httpcore5/5.2/httpcore5-5.2.jar:/home/rodrigograc4/.m2/repository/org/apache/httpcomponents/core5/httpcore5-h2/5.2/httpcore5-h2-5.2.jar:/home/rodrigograc4/.m2/repository/org/seleniumhq/selenium/selenium-java/3.141.59/selenium-java-3.141.59.jar:/home/rodrigograc4/.m2/repository/org/seleniumhq/selenium/selenium-api/3.141.59/selenium-api-3.141.59.jar:/home/rodrigograc4/.m2/repository/org/seleniumhq/selenium/selenium-chrome-driver/3.141.59/selenium-chrome-driver-3.141.59.jar:/home/rodrigograc4/.m2/repository/org/seleniumhq/selenium/selenium-edge-driver/3.141.59/selenium-edge-driver-3.141.59.jar:/home/rodrigograc4/.m2/repository/org/seleniumhq/selenium/selenium-firefox-driver/3.141.59/selenium-firefox-driver-3.141.59.jar:/home/rodrigograc4/.m2/repository/org/seleniumhq/selenium/selenium-ie-driver/3.141.59/selenium-ie-driver-3.141.59.jar:/home/rodrigograc4/.m2/repository/org/seleniumhq/selenium/selenium-opera-driver/3.141.59/selenium-opera-driver-3.141.59.jar:/home/rodrigograc4/.m2/repository/org/seleniumhq/selenium/selenium-remote-driver/3.141.59/selenium-remote-driver-3.141.59.jar:/home/rodrigograc4/.m2/repository/org/seleniumhq/selenium/selenium-safari-driver/3.141.59/selenium-safari-driver-3.141.59.jar:/home/rodrigograc4/.m2/repository/org/seleniumhq/selenium/selenium-support/3.141.59/selenium-support-3.141.59.jar:/home/rodrigograc4/.m2/repository/org/apache/commons/commons-exec/1.3/commons-exec-1.3.jar:/home/rodrigograc4/.m2/repository/com/google/guava/guava/25.0-jre/guava-25.0-jre.jar:/home/rodrigograc4/.m2/repository/com/google/code/findbugs/jsr305/1.3.9/jsr305-1.3.9.jar:/home/rodrigograc4/.m2/repository/org/checkerframework/checker-compat-qual/2.0.0/checker-compat-qual-2.0.0.jar:/home/rodrigograc4/.m2/repository/com/google/errorprone/error_prone_annotations/2.1.3/error_prone_annotations-2.1.3.jar:/home/rodrigograc4/.m2/repository/com/google/j2objc/j2objc-annotations/1.1/j2objc-annotations-1.1.jar:/home/rodrigograc4/.m2/repository/org/codehaus/mojo/animal-sniffer-annotations/1.14/animal-sniffer-annotations-1.14.jar:/home/rodrigograc4/.m2/repository/com/squareup/okhttp3/okhttp/3.11.0/okhttp-3.11.0.jar:/home/rodrigograc4/.m2/repository/com/squareup/okio/okio/1.14.0/okio-1.14.0.jar:"/>
    <property name="sun.cpu.endian" value="little"/>
    <property name="user.home" value="/home/rodrigograc4"/>
    <property name="user.language" value="en"/>
    <property name="java.specification.vendor" value="Oracle Corporation"/>
    <property name="java.version.date" value="2024-01-16"/>
    <property name="java.home" value="/usr/lib/jvm/java-17-openjdk-amd64"/>
    <property name="file.separator" value="/"/>
    <property name="basedir" value="/home/rodrigograc4/Uni/3ano/2semestre/TQS_107634/lab5/lab5_3"/>
    <property name="java.vm.compressedOopsMode" value="Zero based"/>
    <property name="line.separator" value="&#10;"/>
    <property name="java.vm.specification.vendor" value="Oracle Corporation"/>
    <property name="java.specification.name" value="Java Platform API Specification"/>
    <property name="surefire.real.class.path" value="/home/rodrigograc4/Uni/3ano/2semestre/TQS_107634/lab5/lab5_3/target/surefire/surefirebooter-20240328195250591_3.jar"/>
    <property name="sun.management.compiler" value="HotSpot 64-Bit Tiered Compilers"/>
    <property name="java.runtime.version" value="17.0.10+7-Ubuntu-123.10.1"/>
    <property name="user.name" value="rodrigograc4"/>
    <property name="path.separator" value=":"/>
    <property name="os.version" value="6.5.0-25-generic"/>
    <property name="java.runtime.name" value="OpenJDK Runtime Environment"/>
    <property name="file.encoding" value="UTF-8"/>
    <property name="java.vm.name" value="OpenJDK 64-Bit Server VM"/>
    <property name="localRepository" value="/home/rodrigograc4/.m2/repository"/>
    <property name="java.vendor.url.bug" value="Unknown"/>
    <property name="java.io.tmpdir" value="/tmp"/>
    <property name="java.version" value="17.0.10"/>
    <property name="user.dir" value="/home/rodrigograc4/Uni/3ano/2semestre/TQS_107634/lab5/lab5_3"/>
    <property name="os.arch" value="amd64"/>
    <property name="java.vm.specification.name" value="Java Virtual Machine Specification"/>
    <property name="user.language.format" value="pt"/>
    <property name="native.encoding" value="UTF-8"/>
    <property name="java.library.path" value="/usr/java/packages/lib:/usr/lib/x86_64-linux-gnu/jni:/lib/x86_64-linux-gnu:/usr/lib/x86_64-linux-gnu:/usr/lib/jni:/lib:/usr/lib"/>
    <property name="java.vm.info" value="mixed mode, sharing"/>
    <property name="java.vendor" value="Private Build"/>
    <property name="java.vm.version" value="17.0.10+7-Ubuntu-123.10.1"/>
    <property name="sun.io.unicode.encoding" value="UnicodeLittle"/>
    <property name="java.class.version" value="61.0"/>
  </properties>
  <testcase name="Booking a flight from Mexico City to Cairo" classname="BlazeDemo" time="1.425">
    <error message="session not created: This version of ChromeDriver only supports Chrome version 114&#10;Current browser version is 119.0.6045.199 with binary path /usr/bin/google-chrome&#10;Build info: version: &apos;3.141.59&apos;, revision: &apos;e82be7d358&apos;, time: &apos;2018-11-14T08:17:03&apos;&#10;System info: host: &apos;rodrigograc4&apos;, ip: &apos;127.0.1.1&apos;, os.name: &apos;Linux&apos;, os.arch: &apos;amd64&apos;, os.version: &apos;6.5.0-25-generic&apos;, java.version: &apos;17.0.10&apos;&#10;Driver info: driver.version: ChromeDriver&#10;remote stacktrace: #0 0x60d5d27c84e3 &lt;unknown&gt;&#10;#1 0x60d5d24f7c76 &lt;unknown&gt;&#10;#2 0x60d5d252504a &lt;unknown&gt;&#10;#3 0x60d5d25204a1 &lt;unknown&gt;&#10;#4 0x60d5d251d029 &lt;unknown&gt;&#10;#5 0x60d5d255bccc &lt;unknown&gt;&#10;#6 0x60d5d255b47f &lt;unknown&gt;&#10;#7 0x60d5d2552de3 &lt;unknown&gt;&#10;#8 0x60d5d25282dd &lt;unknown&gt;&#10;#9 0x60d5d252934e &lt;unknown&gt;&#10;#10 0x60d5d27883e4 &lt;unknown&gt;&#10;#11 0x60d5d278c3d7 &lt;unknown&gt;&#10;#12 0x60d5d2796b20 &lt;unknown&gt;&#10;#13 0x60d5d278d023 &lt;unknown&gt;&#10;#14 0x60d5d275b1aa &lt;unknown&gt;&#10;#15 0x60d5d27b16b8 &lt;unknown&gt;&#10;#16 0x60d5d27b1847 &lt;unknown&gt;&#10;#17 0x60d5d27c1243 &lt;unknown&gt;&#10;#18 0x733de3e97b5a &lt;unknown&gt;&#10;" type="org.openqa.selenium.SessionNotCreatedException"><![CDATA[org.openqa.selenium.SessionNotCreatedException: 
session not created: This version of ChromeDriver only supports Chrome version 114
Current browser version is 119.0.6045.199 with binary path /usr/bin/google-chrome
Build info: version: '3.141.59', revision: 'e82be7d358', time: '2018-11-14T08:17:03'
System info: host: 'rodrigograc4', ip: '127.0.1.1', os.name: 'Linux', os.arch: 'amd64', os.version: '6.5.0-25-generic', java.version: '17.0.10'
Driver info: driver.version: ChromeDriver
remote stacktrace: #0 0x60d5d27c84e3 <unknown>
#1 0x60d5d24f7c76 <unknown>
#2 0x60d5d252504a <unknown>
#3 0x60d5d25204a1 <unknown>
#4 0x60d5d251d029 <unknown>
#5 0x60d5d255bccc <unknown>
#6 0x60d5d255b47f <unknown>
#7 0x60d5d2552de3 <unknown>
#8 0x60d5d25282dd <unknown>
#9 0x60d5d252934e <unknown>
#10 0x60d5d27883e4 <unknown>
#11 0x60d5d278c3d7 <unknown>
#12 0x60d5d2796b20 <unknown>
#13 0x60d5d278d023 <unknown>
#14 0x60d5d275b1aa <unknown>
#15 0x60d5d27b16b8 <unknown>
#16 0x60d5d27b1847 <unknown>
#17 0x60d5d27c1243 <unknown>
#18 0x733de3e97b5a <unknown>

	at java.base/java.lang.reflect.Constructor.newInstanceWithCaller(Constructor.java:499)
	at java.base/java.lang.reflect.Constructor.newInstance(Constructor.java:480)
	at org.openqa.selenium.remote.W3CHandshakeResponse.lambda$errorHandler$0(W3CHandshakeResponse.java:62)
	at org.openqa.selenium.remote.HandshakeResponse.lambda$getResponseFunction$0(HandshakeResponse.java:30)
	at org.openqa.selenium.remote.ProtocolHandshake.lambda$createSession$0(ProtocolHandshake.java:126)
	at java.base/java.util.stream.ReferencePipeline$3$1.accept(ReferencePipeline.java:197)
	at java.base/java.util.Spliterators$ArraySpliterator.tryAdvance(Spliterators.java:1002)
	at java.base/java.util.stream.ReferencePipeline.forEachWithCancel(ReferencePipeline.java:129)
	at java.base/java.util.stream.AbstractPipeline.copyIntoWithCancel(AbstractPipeline.java:527)
	at java.base/java.util.stream.AbstractPipeline.copyInto(AbstractPipeline.java:513)
	at java.base/java.util.stream.AbstractPipeline.wrapAndCopyInto(AbstractPipeline.java:499)
	at java.base/java.util.stream.FindOps$FindOp.evaluateSequential(FindOps.java:150)
	at java.base/java.util.stream.AbstractPipeline.evaluate(AbstractPipeline.java:234)
	at java.base/java.util.stream.ReferencePipeline.findFirst(ReferencePipeline.java:647)
	at org.openqa.selenium.remote.ProtocolHandshake.createSession(ProtocolHandshake.java:128)
	at org.openqa.selenium.remote.ProtocolHandshake.createSession(ProtocolHandshake.java:74)
	at org.openqa.selenium.remote.HttpCommandExecutor.execute(HttpCommandExecutor.java:136)
	at org.openqa.selenium.remote.service.DriverCommandExecutor.execute(DriverCommandExecutor.java:83)
	at org.openqa.selenium.remote.RemoteWebDriver.execute(RemoteWebDriver.java:552)
	at org.openqa.selenium.remote.RemoteWebDriver.startSession(RemoteWebDriver.java:213)
	at org.openqa.selenium.remote.RemoteWebDriver.<init>(RemoteWebDriver.java:131)
	at org.openqa.selenium.chrome.ChromeDriver.<init>(ChromeDriver.java:181)
	at org.openqa.selenium.chrome.ChromeDriver.<init>(ChromeDriver.java:168)
	at org.openqa.selenium.chrome.ChromeDriver.<init>(ChromeDriver.java:157)
	at tqs.FlightSteps.goToUrl(FlightSteps.java:29)
	at ✽.I am at 'https://blazedemo.com'(classpath:tqs/blaze-demo.feature:4)
]]></error>
    <system-out><![CDATA[
Scenario: Booking a flight from Mexico City to Cairo                           &amp#27;[90m# tqs/blaze-demo.feature:3&amp#27;[0m
19:52:51.800 [main] DEBUG io.github.bonigarcia.wdm.cache.ResolutionCache -- Resolution chrome=119 in cache (valid until 20:39:59 28/03/2024 WET)
19:52:51.804 [main] DEBUG io.github.bonigarcia.wdm.cache.ResolutionCache -- Resolution chrome119=114.0.5735.90 in cache (valid until 19:39:59 29/03/2024 WET)
19:52:51.804 [main] INFO io.github.bonigarcia.wdm.WebDriverManager -- Using chromedriver 114.0.5735.90 (resolved driver for Chrome 119)
19:52:51.816 [main] DEBUG io.github.bonigarcia.wdm.WebDriverManager -- Driver chromedriver 114.0.5735.90 found in cache
19:52:51.817 [main] INFO io.github.bonigarcia.wdm.WebDriverManager -- Exporting webdriver.chrome.driver as /home/rodrigograc4/.cache/selenium/chromedriver/linux64/114.0.5735.90/chromedriver
  &amp#27;[31mGiven &amp#27;[0m&amp#27;[31mI am at &amp#27;[0m&amp#27;[31m&amp#27;[1m'https://blazedemo.com'&amp#27;[0m                                        &amp#27;[90m# tqs.FlightSteps.goToUrl(java.lang.String)&amp#27;[0m
      &amp#27;[31morg.openqa.selenium.SessionNotCreatedException: session not created: This version of ChromeDriver only supports Chrome version 114
Current browser version is 119.0.6045.199 with binary path /usr/bin/google-chrome
Build info: version: '3.141.59', revision: 'e82be7d358', time: '2018-11-14T08:17:03'
System info: host: 'rodrigograc4', ip: '127.0.1.1', os.name: 'Linux', os.arch: 'amd64', os.version: '6.5.0-25-generic', java.version: '17.0.10'
Driver info: driver.version: ChromeDriver
remote stacktrace: #0 0x60d5d27c84e3 <unknown>
#1 0x60d5d24f7c76 <unknown>
#2 0x60d5d252504a <unknown>
#3 0x60d5d25204a1 <unknown>
#4 0x60d5d251d029 <unknown>
#5 0x60d5d255bccc <unknown>
#6 0x60d5d255b47f <unknown>
#7 0x60d5d2552de3 <unknown>
#8 0x60d5d25282dd <unknown>
#9 0x60d5d252934e <unknown>
#10 0x60d5d27883e4 <unknown>
#11 0x60d5d278c3d7 <unknown>
#12 0x60d5d2796b20 <unknown>
#13 0x60d5d278d023 <unknown>
#14 0x60d5d275b1aa <unknown>
#15 0x60d5d27b16b8 <unknown>
#16 0x60d5d27b1847 <unknown>
#17 0x60d5d27c1243 <unknown>
#18 0x733de3e97b5a <unknown>

	at java.base/jdk.internal.reflect.NativeConstructorAccessorImpl.newInstance0(Native Method)
	at java.base/jdk.internal.reflect.NativeConstructorAccessorImpl.newInstance(NativeConstructorAccessorImpl.java:77)
	at java.base/jdk.internal.reflect.DelegatingConstructorAccessorImpl.newInstance(DelegatingConstructorAccessorImpl.java:45)
	at java.base/java.lang.reflect.Constructor.newInstanceWithCaller(Constructor.java:499)
	at java.base/java.lang.reflect.Constructor.newInstance(Constructor.java:480)
	at org.openqa.selenium.remote.W3CHandshakeResponse.lambda$errorHandler$0(W3CHandshakeResponse.java:62)
	at org.openqa.selenium.remote.HandshakeResponse.lambda$getResponseFunction$0(HandshakeResponse.java:30)
	at org.openqa.selenium.remote.ProtocolHandshake.lambda$createSession$0(ProtocolHandshake.java:126)
	at java.base/java.util.stream.ReferencePipeline$3$1.accept(ReferencePipeline.java:197)
	at java.base/java.util.Spliterators$ArraySpliterator.tryAdvance(Spliterators.java:1002)
	at java.base/java.util.stream.ReferencePipeline.forEachWithCancel(ReferencePipeline.java:129)
	at java.base/java.util.stream.AbstractPipeline.copyIntoWithCancel(AbstractPipeline.java:527)
	at java.base/java.util.stream.AbstractPipeline.copyInto(AbstractPipeline.java:513)
	at java.base/java.util.stream.AbstractPipeline.wrapAndCopyInto(AbstractPipeline.java:499)
	at java.base/java.util.stream.FindOps$FindOp.evaluateSequential(FindOps.java:150)
	at java.base/java.util.stream.AbstractPipeline.evaluate(AbstractPipeline.java:234)
	at java.base/java.util.stream.ReferencePipeline.findFirst(ReferencePipeline.java:647)
	at org.openqa.selenium.remote.ProtocolHandshake.createSession(ProtocolHandshake.java:128)
	at org.openqa.selenium.remote.ProtocolHandshake.createSession(ProtocolHandshake.java:74)
	at org.openqa.selenium.remote.HttpCommandExecutor.execute(HttpCommandExecutor.java:136)
	at org.openqa.selenium.remote.service.DriverCommandExecutor.execute(DriverCommandExecutor.java:83)
	at org.openqa.selenium.remote.RemoteWebDriver.execute(RemoteWebDriver.java:552)
	at org.openqa.selenium.remote.RemoteWebDriver.startSession(RemoteWebDriver.java:213)
	at org.openqa.selenium.remote.RemoteWebDriver.<init>(RemoteWebDriver.java:131)
	at org.openqa.selenium.chrome.ChromeDriver.<init>(ChromeDriver.java:181)
	at org.openqa.selenium.chrome.ChromeDriver.<init>(ChromeDriver.java:168)
	at org.openqa.selenium.chrome.ChromeDriver.<init>(ChromeDriver.java:157)
	at tqs.FlightSteps.goToUrl(FlightSteps.java:29)
	at ✽.I am at 'https://blazedemo.com'(classpath:tqs/blaze-demo.feature:4)
&amp#27;[0m
  &amp#27;[36mAnd &amp#27;[0m&amp#27;[36mI choose my departure city &amp#27;[0m&amp#27;[36m&amp#27;[1m'Mexico City'&amp#27;[0m&amp#27;[36m and my destination city &amp#27;[0m&amp#27;[36m&amp#27;[1m'Cairo'&amp#27;[0m &amp#27;[90m# tqs.FlightSteps.chooseCities(java.lang.String,java.lang.String)&amp#27;[0m
  &amp#27;[36mAnd &amp#27;[0m&amp#27;[36mI click Find Flights button&amp#27;[0m                                              &amp#27;[90m# tqs.FlightSteps.findFlights()&amp#27;[0m
  &amp#27;[36mAnd &amp#27;[0m&amp#27;[36mPage should say &amp#27;[0m&amp#27;[36m&amp#27;[1m'Flights from Mexico City to Cairo'&amp#27;[0m                      &amp#27;[90m# tqs.FlightSteps.pageSays(java.lang.String)&amp#27;[0m
  &amp#27;[36mAnd &amp#27;[0m&amp#27;[36mI choose a flight and click the button&amp#27;[0m                                   &amp#27;[90m# tqs.FlightSteps.chooseFlight()&amp#27;[0m
  &amp#27;[36mAnd &amp#27;[0m&amp#27;[36mI fill in my name as &amp#27;[0m&amp#27;[36m&amp#27;[1m'Manco'&amp#27;[0m                                             &amp#27;[90m# tqs.FlightSteps.fillName(java.lang.String)&amp#27;[0m
  &amp#27;[36mAnd &amp#27;[0m&amp#27;[36mI fill in my city as &amp#27;[0m&amp#27;[36m&amp#27;[1m'Candieira City'&amp#27;[0m                                    &amp#27;[90m# tqs.FlightSteps.fillCity(java.lang.String)&amp#27;[0m
  &amp#27;[36mAnd &amp#27;[0m&amp#27;[36mI click Purchase Flight button&amp#27;[0m                                           &amp#27;[90m# tqs.FlightSteps.purchaseFlight()&amp#27;[0m
  &amp#27;[36mThen &amp#27;[0m&amp#27;[36mPage title should be &amp#27;[0m&amp#27;[36m&amp#27;[1m'BlazeDemo Confirmation'&amp#27;[0m                           &amp#27;[90m# tqs.FlightSteps.assertTitle(java.lang.String)&amp#27;[0m
]]></system-out>
    <system-err><![CDATA[Starting ChromeDriver 114.0.5735.90 (386bc09e8f4f2e025eddae123f36f6263096ae49-refs/branch-heads/5735@{#1052}) on port 14962
Only local connections are allowed.
Please see https://chromedriver.chromium.org/security-considerations for suggestions on keeping ChromeDriver safe.
ChromeDriver was started successfully.
]]></system-err>
  </testcase>
</testsuite>